2025.12.01 12:44:18 INFO  Started: Metals version 1.6.4 in folders 'C:\Users\Max\Documents\Programming\PostUni\AdventOfCode2025' for client Visual Studio Code 1.106.3.
2025.12.01 12:44:20 WARN  Using H2 2.4.240 which is newer than the version Flyway has been verified with. The latest verified version of H2 is 2.3.232.
2025.12.01 12:44:20 INFO  no build target found for C:\Users\Max\Documents\Programming\PostUni\AdventOfCode2025\aoc-day-1\src\test\scala\MySuite.scala. Using presentation compiler with project's scala-library version: 3.3.6
2025.12.01 12:44:22 INFO  no build target found for C:\Users\Max\Documents\Programming\PostUni\AdventOfCode2025\aoc-day-1\src\test\scala\MySuite.scala. Using presentation compiler with project's scala-library version: 3.3.6
2025.12.01 12:44:36 INFO  running 'C:\Program Files\Java\jdk-22\bin\java.exe -Djline.terminal=jline.UnsupportedTerminal -Dsbt.log.noformat=true -Dfile.encoding=UTF-8 -jar C:\Users\Max\AppData\Local\Temp\metals2706008841780340803\sbt-launch.jar -Dbloop.export-jar-classifiers=sources bloopInstall'
2025.12.01 12:44:40 INFO  [info] welcome to sbt 1.11.7 (Oracle Corporation Java 22.0.1)
2025.12.01 12:44:45 INFO  [info] loading settings for project aoc-day-1-build-build from metals.sbt...
2025.12.01 12:44:47 INFO  [info] loading project definition from C:\Users\Max\Documents\Programming\PostUni\AdventOfCode2025\aoc-day-1\project\project
2025.12.01 12:44:52 INFO  no build target found for C:\Users\Max\Documents\Programming\PostUni\AdventOfCode2025\aoc-day-1\src\test\scala\MySuite.scala. Using presentation compiler with project's scala-library version: 3.3.6
2025.12.01 12:44:52 WARN  no build target for: C:\Users\Max\Documents\Programming\PostUni\AdventOfCode2025\aoc-day-1\src\test\scala\MySuite.scala
2025.12.01 12:44:52 INFO  no build target found for C:\Users\Max\Documents\Programming\PostUni\AdventOfCode2025\aoc-day-1\src\test\scala\MySuite.scala. Using presentation compiler with project's scala-library version: 3.3.6
2025.12.01 12:44:54 INFO  no build target found for C:\Users\Max\Documents\Programming\PostUni\AdventOfCode2025\aoc-day-1\src\main\scala\Main.scala. Using presentation compiler with project's scala-library version: 3.3.6
2025.12.01 12:44:55 INFO  no build target found for C:\Users\Max\Documents\Programming\PostUni\AdventOfCode2025\aoc-day-1\src\main\scala\Main.scala. Using presentation compiler with project's scala-library version: 3.3.6
2025.12.01 12:44:57 INFO  [info] loading settings for project aoc-day-1-build from metals.sbt...
2025.12.01 12:44:57 INFO  [info] loading project definition from C:\Users\Max\Documents\Programming\PostUni\AdventOfCode2025\aoc-day-1\project
2025.12.01 12:45:06 INFO  [success] Generated .bloop\aoc-day-1-build.json
2025.12.01 12:45:06 INFO  [success] Total time: 9 s, completed 1 Dec 2025, 12:45:06
2025.12.01 12:45:09 INFO  [info] loading settings for project root from build.sbt...
2025.12.01 12:45:09 INFO  [info] set current project to aoc-day-1 (in build file:/C:/Users/Max/Documents/Programming/PostUni/AdventOfCode2025/aoc-day-1/)
2025.12.01 12:45:13 INFO  [success] Generated .bloop\root-test.json
2025.12.01 12:45:13 INFO  [success] Generated .bloop\root.json
2025.12.01 12:45:13 INFO  [success] Total time: 4 s, completed 1 Dec 2025, 12:45:13
2025.12.01 12:45:14 INFO  time: ran 'sbt bloopInstall' in 37s
2025.12.01 12:45:14 INFO  Attempting to connect to the build server...
2025.12.01 12:45:14 INFO  Found a Bloop server running
2025.12.01 12:45:14 INFO  tracing is disabled for protocol BSP, to enable tracing of incoming and outgoing JSON messages create an empty file at C:\Users\Max\Documents\Programming\PostUni\AdventOfCode2025\.metals\bsp.trace.json or C:\Users\Max\AppData\Local\scalameta\metals\cache\bsp.trace.json
2025.12.01 12:45:16 INFO  time: Connected to build server in 2.69s
2025.12.01 12:45:16 INFO  Connected to Build server: Bloop v2.0.13
2025.12.01 12:45:16 INFO  time: Imported build in 0.23s
2025.12.01 12:45:30 WARN  Using H2 2.4.240 which is newer than the version Flyway has been verified with. The latest verified version of H2 is 2.3.232.
2025.12.01 12:45:39 INFO  time: indexed workspace in 22s
2025.12.01 12:45:39 INFO  compiling root (1 scala source)
2025.12.01 12:45:52 INFO  time: compiled root in 12s
2025.12.01 12:45:52 INFO  compiling root-test (1 scala source)
2025.12.01 12:45:55 INFO  time: compiled root-test in 3.37s
Dec 01, 2025 12:54:20 PM org.eclipse.lsp4j.jsonrpc.services.GenericEndpoint notify
INFO: Unsupported notification method: $/setTrace
